[10:38:59.194] [INFO]   Initializing avionicsbay...
[10:38:59.194] [DEBUG]  Initializing DataFileReader...
[10:38:59.194] [INFO]   DataFileReader thread started.
[10:38:59.194] [INFO]   Initialization complete.
[10:38:59.194] [INFO]   [DataFileReader] Trying to open /usr/share/X-Plane 11/Resources/default data/earth_nav.dat...
[10:38:59.263] [INFO]   [DataFileReader] Total lines read from /usr/share/X-Plane 11/Resources/default data/earth_nav.dat: 37119
[10:38:59.263] [DEBUG]  [XPData] Indexing NAVAIDS by name [type_nr=10]
[10:38:59.272] [DEBUG]  [XPData] Indexing NAVAIDS by freq [type_nr=14]
[10:38:59.274] [DEBUG]  [XPData] Indexing NAVAIDS by coords [type_nr=14]
[10:38:59.278] [INFO]   [DataFileReader] Trying to open /usr/share/X-Plane 11/Resources/default data/earth_fix.dat...
[10:38:59.278] [WARN]   [DataFileReader] earth_fix.dat:1: invalid nr. parameters.
[10:38:59.511] [INFO]   [DataFileReader] Total lines read from /usr/share/X-Plane 11/Resources/default data/earth_fix.dat: 198612
[10:38:59.511] [DEBUG]  [XPData] Indexing FIXES by name [total=198608]
[10:38:59.598] [DEBUG]  [XPData] Indexing FIXES by coords [total=198608]
[10:38:59.611] [INFO]   [DataFileReader] Trying to open /usr/share/X-Plane 11/Resources/default scenery/default apt dat/Earth nav data/apt.dat...
[10:39:09.994] [INFO]   [DataFileReader] Total lines read from /usr/share/X-Plane 11/Resources/default scenery/default apt dat/Earth nav data/apt.dat: 10433998
[10:39:09.994] [DEBUG]  [XPData] Indexing APTS by name [total=29611]
[10:39:10.004] [DEBUG]  [XPData] Indexing APTS by coords [total=29611]
[10:39:10.010] [INFO]   [DataFileReader] Data Ready.
[10:41:52.291] [INFO]   [DataFileReader] Thread shutting down...
